<?xml version="1.0" encoding="UTF-8"?>
<!-- Generated by org.testng.reporters.JUnitXMLReporter -->
<testsuite hostname="DESKTOP-C5GH38S" ignored="0" name="Surefire test" tests="4" failures="0" timestamp="17 дек 2019 21:21:18 GMT" time="0.551" errors="0">
  <testcase name="@BeforeMethod start" time="0.173" classname="ru.Beru.Settings.WebDriverSettings">
    <failure type="java.lang.IllegalStateException" message="The driver executable does not exist: C:\Users\Kirill\Documents\AutoTests\.\main\resources\drivers\chromedriver78.exe">
      <![CDATA[java.lang.IllegalStateException: The driver executable does not exist: C:\Users\Kirill\Documents\AutoTests\.\main\resources\drivers\chromedriver78.exe
at com.google.common.base.Preconditions.checkState(Preconditions.java:534)
at org.openqa.selenium.remote.service.DriverService.checkExecutable(DriverService.java:136)
at org.openqa.selenium.remote.service.DriverService.findExecutable(DriverService.java:131)
at org.openqa.selenium.chrome.ChromeDriverService.access$000(ChromeDriverService.java:32)
at org.openqa.selenium.chrome.ChromeDriverService$Builder.findDefaultExecutable(ChromeDriverService.java:137)
at org.openqa.selenium.remote.service.DriverService$Builder.build(DriverService.java:339)
at org.openqa.selenium.chrome.ChromeDriverService.createDefaultService(ChromeDriverService.java:88)
at org.openqa.selenium.chrome.ChromeDriver.<init>(ChromeDriver.java:123)
at ru.Beru.Settings.WebDriverSettings.start(WebDriverSettings.java:25)
... Removed 32 stack frames]]>
    </failure>
  </testcase> <!-- @BeforeMethod start -->
  <testcase name="@AfterMethod catchFailure" time="0.0" classname="ru.Beru.Settings.WebDriverSettings">
    <skipped/>
  </testcase> <!-- @AfterMethod catchFailure -->
  <testcase name="@AfterMethod finish" time="0.0" classname="ru.Beru.Settings.WebDriverSettings">
    <skipped/>
  </testcase> <!-- @AfterMethod finish -->
  <testcase name="@BeforeMethod start" time="0.005" classname="ru.Beru.Settings.WebDriverSettings">
    <failure type="java.lang.IllegalStateException" message="The driver executable does not exist: C:\Users\Kirill\Documents\AutoTests\.\main\resources\drivers\chromedriver78.exe">
      <![CDATA[java.lang.IllegalStateException: The driver executable does not exist: C:\Users\Kirill\Documents\AutoTests\.\main\resources\drivers\chromedriver78.exe
at com.google.common.base.Preconditions.checkState(Preconditions.java:534)
at org.openqa.selenium.remote.service.DriverService.checkExecutable(DriverService.java:136)
at org.openqa.selenium.remote.service.DriverService.findExecutable(DriverService.java:131)
at org.openqa.selenium.chrome.ChromeDriverService.access$000(ChromeDriverService.java:32)
at org.openqa.selenium.chrome.ChromeDriverService$Builder.findDefaultExecutable(ChromeDriverService.java:137)
at org.openqa.selenium.remote.service.DriverService$Builder.build(DriverService.java:339)
at org.openqa.selenium.chrome.ChromeDriverService.createDefaultService(ChromeDriverService.java:88)
at org.openqa.selenium.chrome.ChromeDriver.<init>(ChromeDriver.java:123)
at ru.Beru.Settings.WebDriverSettings.start(WebDriverSettings.java:25)
... Removed 32 stack frames]]>
    </failure>
  </testcase> <!-- @BeforeMethod start -->
  <testcase name="@AfterMethod catchFailure" time="0.0" classname="ru.Beru.Settings.WebDriverSettings">
    <skipped/>
  </testcase> <!-- @AfterMethod catchFailure -->
  <testcase name="@AfterMethod finish" time="0.0" classname="ru.Beru.Settings.WebDriverSettings">
    <skipped/>
  </testcase> <!-- @AfterMethod finish -->
  <testcase name="@BeforeMethod start" time="0.004" classname="ru.Beru.Settings.WebDriverSettings">
    <failure type="java.lang.IllegalStateException" message="The driver executable does not exist: C:\Users\Kirill\Documents\AutoTests\.\main\resources\drivers\chromedriver78.exe">
      <![CDATA[java.lang.IllegalStateException: The driver executable does not exist: C:\Users\Kirill\Documents\AutoTests\.\main\resources\drivers\chromedriver78.exe
at com.google.common.base.Preconditions.checkState(Preconditions.java:534)
at org.openqa.selenium.remote.service.DriverService.checkExecutable(DriverService.java:136)
at org.openqa.selenium.remote.service.DriverService.findExecutable(DriverService.java:131)
at org.openqa.selenium.chrome.ChromeDriverService.access$000(ChromeDriverService.java:32)
at org.openqa.selenium.chrome.ChromeDriverService$Builder.findDefaultExecutable(ChromeDriverService.java:137)
at org.openqa.selenium.remote.service.DriverService$Builder.build(DriverService.java:339)
at org.openqa.selenium.chrome.ChromeDriverService.createDefaultService(ChromeDriverService.java:88)
at org.openqa.selenium.chrome.ChromeDriver.<init>(ChromeDriver.java:123)
at ru.Beru.Settings.WebDriverSettings.start(WebDriverSettings.java:25)
... Removed 32 stack frames]]>
    </failure>
  </testcase> <!-- @BeforeMethod start -->
  <testcase name="@AfterMethod catchFailure" time="0.0" classname="ru.Beru.Settings.WebDriverSettings">
    <skipped/>
  </testcase> <!-- @AfterMethod catchFailure -->
  <testcase name="@AfterMethod finish" time="0.0" classname="ru.Beru.Settings.WebDriverSettings">
    <skipped/>
  </testcase> <!-- @AfterMethod finish -->
  <testcase name="@BeforeMethod start" time="0.0" classname="ru.Beru.Settings.WebDriverSettings">
    <skipped/>
  </testcase> <!-- @BeforeMethod start -->
  <testcase name="@AfterMethod catchFailure" time="0.0" classname="ru.Beru.Settings.WebDriverSettings">
    <skipped/>
  </testcase> <!-- @AfterMethod catchFailure -->
  <testcase name="@AfterMethod finish" time="0.0" classname="ru.Beru.Settings.WebDriverSettings">
    <skipped/>
  </testcase> <!-- @AfterMethod finish -->
  <testcase name="authorization" time="0.0" classname="ru.Beru.Tests.AuthorizationTest">
    <skipped/>
  </testcase> <!-- authorization -->
  <testcase name="buyToothBrushes" time="0.0" classname="ru.Beru.Tests.BuyToothbrushesTest">
    <skipped/>
  </testcase> <!-- buyToothBrushes -->
  <testcase name="changeCity" time="0.0" classname="ru.Beru.Tests.ChangeCityTest">
    <skipped/>
  </testcase> <!-- changeCity -->
  <testcase name="changeCity" time="0.0" classname="ru.Beru.Tests.ChangeCityTest">
    <skipped/>
  </testcase> <!-- changeCity -->
</testsuite> <!-- Surefire test -->
